c:\users\pc\desktop\пнаяву\labs\lab4\lab4\debug\vc142.pdb
c:\users\pc\desktop\пнаяву\labs\lab4\lab4\debug\vc142.idb
c:\users\pc\desktop\пнаяву\labs\lab4\lab4\debug\transportvehicle.obj
c:\users\pc\desktop\пнаяву\labs\lab4\lab4\debug\stack.obj
c:\users\pc\desktop\пнаяву\labs\lab4\lab4\debug\sportscar.obj
c:\users\pc\desktop\пнаяву\labs\lab4\lab4\debug\refrigeratedcargovehicle.obj
c:\users\pc\desktop\пнаяву\labs\lab4\lab4\debug\passengervehicle.obj
c:\users\pc\desktop\пнаяву\labs\lab4\lab4\debug\main.obj
c:\users\pc\desktop\пнаяву\labs\lab4\lab4\debug\limousine.obj
c:\users\pc\desktop\пнаяву\labs\lab4\lab4\debug\jeep.obj
c:\users\pc\desktop\пнаяву\labs\lab4\lab4\debug\internationalpassengervehicle.obj
c:\users\pc\desktop\пнаяву\labs\lab4\lab4\debug\interface.obj
c:\users\pc\desktop\пнаяву\labs\lab4\lab4\debug\intercitypassengervehicle.obj
c:\users\pc\desktop\пнаяву\labs\lab4\lab4\debug\dumptruck.obj
c:\users\pc\desktop\пнаяву\labs\lab4\lab4\debug\citypassengervehicle.obj
c:\users\pc\desktop\пнаяву\labs\lab4\lab4\debug\cargovehicle.obj
c:\users\pc\desktop\пнаяву\labs\lab4\lab4\debug\car.obj
c:\users\pc\desktop\пнаяву\labs\lab4\lab4\debug\lab4.ilk
c:\users\pc\desktop\пнаяву\labs\lab4\lab4\debug\lab4.exe
c:\users\pc\desktop\пнаяву\labs\lab4\lab4\debug\lab4.pdb
c:\users\pc\desktop\пнаяву\labs\lab4\lab4\debug\lab4.tlog\cl.command.1.tlog
c:\users\pc\desktop\пнаяву\labs\lab4\lab4\debug\lab4.tlog\cl.read.1.tlog
c:\users\pc\desktop\пнаяву\labs\lab4\lab4\debug\lab4.tlog\cl.write.1.tlog
c:\users\pc\desktop\пнаяву\labs\lab4\lab4\debug\lab4.tlog\link.command.1.tlog
c:\users\pc\desktop\пнаяву\labs\lab4\lab4\debug\lab4.tlog\link.read.1.tlog
c:\users\pc\desktop\пнаяву\labs\lab4\lab4\debug\lab4.tlog\link.write.1.tlog
